2026-07-11 15:08:28,550 | INFO | src.app | Health endpoint accessed
2026-07-11 15:08:28,552 | INFO | src.app | Fetched 3 tasks
2026-07-11 15:08:28,557 | INFO | src.app | Health endpoint accessed
2026-07-11 15:08:28,564 | INFO | src.app | Fetched 3 tasks
2026-07-11 15:52:28,746 | INFO | src.app | Creating database tables...
2026-07-11 15:52:28,746 | INFO | src.app | Database initialization complete
2026-07-11 15:52:28,746 | INFO | src.app | CORS middleware configured
2026-07-11 15:52:29,145 | INFO | src.app | Creating database tables...
2026-07-11 15:52:29,146 | INFO | src.app | Database initialization complete
2026-07-11 15:52:29,146 | INFO | src.app | CORS middleware configured
2026-07-11 15:52:29,157 | INFO | src.app | Toy Deployment App started in development mode
2026-07-11 15:52:48,930 | INFO | src.app | Health endpoint accessed
2026-07-11 15:52:48,944 | INFO | src.app | Health endpoint accessed
2026-07-11 15:52:48,946 | INFO | src.app | Fetched 3 tasks
2026-07-11 15:52:48,957 | INFO | src.app | Fetched 3 tasks
2026-07-11 15:52:57,143 | INFO | src.app | Health endpoint accessed
2026-07-11 15:52:57,146 | INFO | src.app | Fetched 3 tasks
2026-07-11 15:52:57,149 | INFO | src.app | Health endpoint accessed
2026-07-11 15:52:57,155 | INFO | src.app | Fetched 3 tasks
2026-07-11 15:52:58,879 | INFO | src.app | Fetched 3 tasks
2026-07-11 15:52:58,879 | INFO | src.app | Health endpoint accessed
2026-07-11 15:52:58,890 | INFO | src.app | Health endpoint accessed
2026-07-11 15:52:58,894 | INFO | src.app | Fetched 3 tasks
2026-07-11 15:54:01,701 | INFO | src.app | Health endpoint accessed
2026-07-11 15:54:01,703 | INFO | src.app | Fetched 3 tasks
2026-07-11 15:54:01,712 | INFO | src.app | Health endpoint accessed
2026-07-11 15:54:01,716 | INFO | src.app | Fetched 3 tasks
2026-07-11 23:29:11,130 | INFO | src.app | Creating database tables...
2026-07-11 23:29:11,130 | INFO | src.app | Database initialization complete
2026-07-11 23:29:11,131 | INFO | src.app | CORS middleware configured
2026-07-11 23:29:11,537 | INFO | src.app | Creating database tables...
2026-07-11 23:29:11,537 | INFO | src.app | Database initialization complete
2026-07-11 23:29:11,537 | INFO | src.app | CORS middleware configured
2026-07-11 23:29:11,553 | INFO | src.app | Toy Deployment App started in development mode
2026-07-11 23:29:25,699 | INFO | src.app | Health endpoint accessed
2026-07-11 23:29:25,708 | INFO | src.app | Fetched 3 tasks
2026-07-11 23:29:25,711 | INFO | src.app | Health endpoint accessed
2026-07-11 23:29:25,724 | INFO | src.app | Fetched 3 tasks
2026-07-11 23:29:27,111 | INFO | src.app | Health endpoint accessed
2026-07-11 23:29:27,114 | INFO | src.app | Fetched 3 tasks
2026-07-11 23:29:27,124 | INFO | src.app | Health endpoint accessed
2026-07-11 23:29:27,128 | INFO | src.app | Fetched 3 tasks
2026-07-11 23:31:05,287 | INFO | src.app | Creating database tables...
2026-07-11 23:31:05,287 | INFO | src.app | Database initialization complete
2026-07-11 23:31:05,287 | INFO | src.app | CORS middleware configured
2026-07-11 23:31:05,299 | INFO | src.app | Toy Deployment App started in development mode
2026-07-12 00:00:04,147 | INFO | src.app | Creating database tables...
2026-07-12 00:00:04,148 | INFO | src.app | Database initialization complete
2026-07-12 00:00:04,148 | INFO | src.app | CORS middleware configured
2026-07-12 00:00:04,673 | INFO | src.app | Creating database tables...
2026-07-12 00:00:04,673 | INFO | src.app | Database initialization complete
2026-07-12 00:00:04,674 | INFO | src.app | CORS middleware configured
2026-07-12 00:00:04,687 | INFO | src.app | Toy Deployment App started in development mode
2026-07-12 00:05:53,458 | INFO | src.app | Health endpoint accessed
2026-07-12 00:05:53,469 | INFO | src.app | Fetched 3 tasks
2026-07-12 00:05:53,471 | INFO | src.app | Health endpoint accessed
2026-07-12 00:05:53,481 | INFO | src.app | Fetched 3 tasks
2026-07-12 00:05:54,898 | INFO | src.app | Health endpoint accessed
2026-07-12 00:05:54,899 | INFO | src.app | Fetched 3 tasks
2026-07-12 00:05:54,910 | INFO | src.app | Health endpoint accessed
2026-07-12 00:05:54,913 | INFO | src.app | Fetched 3 tasks
